<?xml version="1.0" encoding="UTF-8"?>
<!-- Generated by org.testng.reporters.JUnitXMLReporter -->
<testsuite ignored="0" hostname="Madhukar" failures="0" tests="3" name="Default test" time="7.636" errors="0" timestamp="2025-07-13T07:10:56 IST">
  <testcase classname="day11.GraphQLMutationTests" name="testInsertTodo" time="4.594"/>
  <testcase classname="day11.GraphQLMutationTests" name="testupdateTodos" time="1.652"/>
  <testcase classname="day11.GraphQLMutationTests" name="testDeleteTodo" time="1.314"/>
</testsuite> <!-- Default test -->
