<?xml version="1.0" encoding="UTF-8"?>
<testng-results ignored="0" total="5" passed="5" failed="0" skipped="0">
  <reporter-output>
  </reporter-output>
  <suite started-at="2025-07-14T08:52:02 IST" name="Default suite" finished-at="2025-07-14T08:52:32 IST" duration-ms="30377">
    <groups>
    </groups>
    <test started-at="2025-07-14T08:52:02 IST" name="Default test" finished-at="2025-07-14T08:52:32 IST" duration-ms="30377">
      <class name="day10.DataDrivenTesting">
        <test-method signature="testWithExcelData(java.lang.String,java.lang.String,java.lang.String,java.lang.String,int,boolean,java.lang.String,java.lang.String,java.lang.String)[pri:0, instance:day10.DataDrivenTesting@4562e04d]" started-at="2025-07-14T08:52:04 IST" name="testWithExcelData" data-provider="excelDataProvider" finished-at="2025-07-14T08:52:13 IST" duration-ms="8369" status="PASS">
          <params>
            <param index="0">
              <value>
                <![CDATA[admin]]>
              </value>
            </param>
            <param index="1">
              <value>
                <![CDATA[password123]]>
              </value>
            </param>
            <param index="2">
              <value>
                <![CDATA[Madhukar]]>
              </value>
            </param>
            <param index="3">
              <value>
                <![CDATA[Pandey]]>
              </value>
            </param>
            <param index="4">
              <value>
                <![CDATA[1111]]>
              </value>
            </param>
            <param index="5">
              <value>
                <![CDATA[true]]>
              </value>
            </param>
            <param index="6">
              <value>
                <![CDATA[2018-01-01]]>
              </value>
            </param>
            <param index="7">
              <value>
                <![CDATA[2019-01-01]]>
              </value>
            </param>
            <param index="8">
              <value>
                <![CDATA[Breakfast]]>
              </value>
            </param>
          </params>
          <reporter-output>
          </reporter-output>
        </test-method> <!-- testWithExcelData -->
        <test-method signature="testWithExcelData(java.lang.String,java.lang.String,java.lang.String,java.lang.String,int,boolean,java.lang.String,java.lang.String,java.lang.String)[pri:0, instance:day10.DataDrivenTesting@4562e04d]" started-at="2025-07-14T08:52:13 IST" name="testWithExcelData" data-provider="excelDataProvider" finished-at="2025-07-14T08:52:18 IST" duration-ms="4905" status="PASS">
          <params>
            <param index="0">
              <value>
                <![CDATA[admin]]>
              </value>
            </param>
            <param index="1">
              <value>
                <![CDATA[password123]]>
              </value>
            </param>
            <param index="2">
              <value>
                <![CDATA[Ishita]]>
              </value>
            </param>
            <param index="3">
              <value>
                <![CDATA[Bhatt]]>
              </value>
            </param>
            <param index="4">
              <value>
                <![CDATA[2000]]>
              </value>
            </param>
            <param index="5">
              <value>
                <![CDATA[false]]>
              </value>
            </param>
            <param index="6">
              <value>
                <![CDATA[2022-05-01]]>
              </value>
            </param>
            <param index="7">
              <value>
                <![CDATA[2022-05-10]]>
              </value>
            </param>
            <param index="8">
              <value>
                <![CDATA[Lunch]]>
              </value>
            </param>
          </params>
          <reporter-output>
          </reporter-output>
        </test-method> <!-- testWithExcelData -->
        <test-method signature="testWithExcelData(java.lang.String,java.lang.String,java.lang.String,java.lang.String,int,boolean,java.lang.String,java.lang.String,java.lang.String)[pri:0, instance:day10.DataDrivenTesting@4562e04d]" started-at="2025-07-14T08:52:18 IST" name="testWithExcelData" data-provider="excelDataProvider" finished-at="2025-07-14T08:52:22 IST" duration-ms="4888" status="PASS">
          <params>
            <param index="0">
              <value>
                <![CDATA[admin]]>
              </value>
            </param>
            <param index="1">
              <value>
                <![CDATA[password123]]>
              </value>
            </param>
            <param index="2">
              <value>
                <![CDATA[Simran]]>
              </value>
            </param>
            <param index="3">
              <value>
                <![CDATA[Rahi]]>
              </value>
            </param>
            <param index="4">
              <value>
                <![CDATA[2500]]>
              </value>
            </param>
            <param index="5">
              <value>
                <![CDATA[true]]>
              </value>
            </param>
            <param index="6">
              <value>
                <![CDATA[2025-05-01]]>
              </value>
            </param>
            <param index="7">
              <value>
                <![CDATA[2025-05-10]]>
              </value>
            </param>
            <param index="8">
              <value>
                <![CDATA[Breakfast,Dinner]]>
              </value>
            </param>
          </params>
          <reporter-output>
          </reporter-output>
        </test-method> <!-- testWithExcelData -->
        <test-method signature="testWithExcelData(java.lang.String,java.lang.String,java.lang.String,java.lang.String,int,boolean,java.lang.String,java.lang.String,java.lang.String)[pri:0, instance:day10.DataDrivenTesting@4562e04d]" started-at="2025-07-14T08:52:22 IST" name="testWithExcelData" data-provider="excelDataProvider" finished-at="2025-07-14T08:52:27 IST" duration-ms="4694" status="PASS">
          <params>
            <param index="0">
              <value>
                <![CDATA[admin]]>
              </value>
            </param>
            <param index="1">
              <value>
                <![CDATA[password123]]>
              </value>
            </param>
            <param index="2">
              <value>
                <![CDATA[Harsh]]>
              </value>
            </param>
            <param index="3">
              <value>
                <![CDATA[Gupta]]>
              </value>
            </param>
            <param index="4">
              <value>
                <![CDATA[2200]]>
              </value>
            </param>
            <param index="5">
              <value>
                <![CDATA[false]]>
              </value>
            </param>
            <param index="6">
              <value>
                <![CDATA[2025-08-07]]>
              </value>
            </param>
            <param index="7">
              <value>
                <![CDATA[2025-08-10]]>
              </value>
            </param>
            <param index="8">
              <value>
                <![CDATA[Breakfast,Dinner]]>
              </value>
            </param>
          </params>
          <reporter-output>
          </reporter-output>
        </test-method> <!-- testWithExcelData -->
        <test-method signature="testWithExcelData(java.lang.String,java.lang.String,java.lang.String,java.lang.String,int,boolean,java.lang.String,java.lang.String,java.lang.String)[pri:0, instance:day10.DataDrivenTesting@4562e04d]" started-at="2025-07-14T08:52:27 IST" name="testWithExcelData" data-provider="excelDataProvider" finished-at="2025-07-14T08:52:32 IST" duration-ms="4736" status="PASS">
          <params>
            <param index="0">
              <value>
                <![CDATA[admin]]>
              </value>
            </param>
            <param index="1">
              <value>
                <![CDATA[password123]]>
              </value>
            </param>
            <param index="2">
              <value>
                <![CDATA[Ayush]]>
              </value>
            </param>
            <param index="3">
              <value>
                <![CDATA[Kumar]]>
              </value>
            </param>
            <param index="4">
              <value>
                <![CDATA[3500]]>
              </value>
            </param>
            <param index="5">
              <value>
                <![CDATA[false]]>
              </value>
            </param>
            <param index="6">
              <value>
                <![CDATA[2025-09-15]]>
              </value>
            </param>
            <param index="7">
              <value>
                <![CDATA[2025-05-17]]>
              </value>
            </param>
            <param index="8">
              <value>
                <![CDATA[Breakfast,Lunch,Dinner]]>
              </value>
            </param>
          </params>
          <reporter-output>
          </reporter-output>
        </test-method> <!-- testWithExcelData -->
      </class> <!-- day10.DataDrivenTesting -->
    </test> <!-- Default test -->
  </suite> <!-- Default suite -->
</testng-results>
