<?xml version="1.0" encoding="UTF-8"?>
<!-- Generated by org.testng.reporters.JUnitXMLReporter -->
<testsuite ignored="0" hostname="Madhukar" failures="0" tests="4" name="chaining tests" time="93.066" errors="0" timestamp="2025-07-07T16:20:29 IST">
  <testcase classname="day8.CreateUserTest" name="createUser" time="25.554"/>
  <testcase classname="day8.GetUserTest" name="GetUser" time="22.406"/>
  <testcase classname="day8.UpdateUserTest" name="UpdateUser" time="22.376"/>
  <testcase classname="day8.DeleteUserTest" name="deleteUser" time="22.653"/>
</testsuite> <!-- chaining tests -->
